<?xml version="1.0" encoding="UTF-8"?>
<testng-results skipped="0" failed="0" total="3" passed="3">
  <reporter-output>
  </reporter-output>
  <suite name="Default suite" duration-ms="102341" started-at="2015-04-30T11:45:43Z" finished-at="2015-04-30T11:47:25Z">
    <groups>
    </groups>
    <test name="Default test" duration-ms="102341" started-at="2015-04-30T11:45:43Z" finished-at="2015-04-30T11:47:25Z">
      <class name="automationFramework.PageObjecPts">
        <test-method status="PASS" signature="registerTourist(java.lang.String, java.lang.String, java.lang.String, java.lang.String, java.lang.String, java.lang.String, java.lang.String, java.lang.String)[pri:0, instance:automationFramework.PageObjecPts@1b0375b3]" name="registerTourist" duration-ms="34958" started-at="2015-04-30T17:15:43Z" data-provider="dataInput" finished-at="2015-04-30T17:16:18Z">
          <params>
            <param index="0">
              <value>
                <![CDATA[Suresh babu]]>
              </value>
            </param>
            <param index="1">
              <value>
                <![CDATA[Nepal]]>
              </value>
            </param>
            <param index="2">
              <value>
                <![CDATA[West Nepal]]>
              </value>
            </param>
            <param index="3">
              <value>
                <![CDATA[9032552879]]>
              </value>
            </param>
            <param index="4">
              <value>
                <![CDATA[nanidd6230@gmail.com]]>
              </value>
            </param>
            <param index="5">
              <value>
                <![CDATA[544]]>
              </value>
            </param>
            <param index="6">
              <value>
                <![CDATA[C:\\Users\\Raviteja\\Desktop\\71999_honda_passport-pic-65301-tmb.jpeg]]>
              </value>
            </param>
            <param index="7">
              <value>
                <![CDATA[rrrr]]>
              </value>
            </param>
          </params>
          <reporter-output>
          </reporter-output>
        </test-method> <!-- registerTourist -->
        <test-method status="PASS" signature="registerTourist(java.lang.String, java.lang.String, java.lang.String, java.lang.String, java.lang.String, java.lang.String, java.lang.String, java.lang.String)[pri:0, instance:automationFramework.PageObjecPts@1b0375b3]" name="registerTourist" duration-ms="33927" started-at="2015-04-30T17:16:18Z" data-provider="dataInput" finished-at="2015-04-30T17:16:52Z">
          <params>
            <param index="0">
              <value>
                <![CDATA[Suresh babu]]>
              </value>
            </param>
            <param index="1">
              <value>
                <![CDATA[Srilanka]]>
              </value>
            </param>
            <param index="2">
              <value>
                <![CDATA[colombo]]>
              </value>
            </param>
            <param index="3">
              <value>
                <![CDATA[9032552879]]>
              </value>
            </param>
            <param index="4">
              <value>
                <![CDATA[rameshthota.seesali@gmail.com]]>
              </value>
            </param>
            <param index="5">
              <value>
                <![CDATA[224]]>
              </value>
            </param>
            <param index="6">
              <value>
                <![CDATA[C:\\Users\\Raviteja\\Desktop\\71999_honda_passport-pic-65301-tmb.jpeg]]>
              </value>
            </param>
            <param index="7">
              <value>
                <![CDATA[rrrr]]>
              </value>
            </param>
          </params>
          <reporter-output>
          </reporter-output>
        </test-method> <!-- registerTourist -->
        <test-method status="PASS" signature="registerTourist(java.lang.String, java.lang.String, java.lang.String, java.lang.String, java.lang.String, java.lang.String, java.lang.String, java.lang.String)[pri:0, instance:automationFramework.PageObjecPts@1b0375b3]" name="registerTourist" duration-ms="33302" started-at="2015-04-30T17:16:52Z" data-provider="dataInput" finished-at="2015-04-30T17:17:25Z">
          <params>
            <param index="0">
              <value>
                <![CDATA[Suresh babu]]>
              </value>
            </param>
            <param index="1">
              <value>
                <![CDATA[South africa]]>
              </value>
            </param>
            <param index="2">
              <value>
                <![CDATA[West Nepal]]>
              </value>
            </param>
            <param index="3">
              <value>
                <![CDATA[9032552879]]>
              </value>
            </param>
            <param index="4">
              <value>
                <![CDATA[ravitejaseetha@gmail.com]]>
              </value>
            </param>
            <param index="5">
              <value>
                <![CDATA[774741]]>
              </value>
            </param>
            <param index="6">
              <value>
                <![CDATA[C:\\Users\\Raviteja\\Desktop\\71999_honda_passport-pic-65301-tmb.jpeg]]>
              </value>
            </param>
            <param index="7">
              <value>
                <![CDATA[rrrr]]>
              </value>
            </param>
          </params>
          <reporter-output>
          </reporter-output>
        </test-method> <!-- registerTourist -->
      </class> <!-- automationFramework.PageObjecPts -->
    </test> <!-- Default test -->
  </suite> <!-- Default suite -->
</testng-results>
