<?xml version="1.0" encoding="UTF-8"?>
<!-- Generated by org.testng.reporters.JUnitXMLReporter -->
<testsuite hostname="RAVITEJA" name="Default test" tests="3" failures="0" timestamp="21 Apr 2015 07:43:41 GMT" time="19.483" errors="0">
  <testcase name="scrollingToBottomofAPage" time="1.719" classname="example.ScrollTestExample"/>
  <testcase name="scrollingToElementofAPage" time="2.219" classname="example.ScrollTestExample"/>
  <testcase name="scrollingByCoordinatesofAPage" time="4.332" classname="example.ScrollTestExample"/>
</testsuite> <!-- Default test -->
