<?xml version="1.0" encoding="UTF-8"?>
<!-- Generated by org.testng.reporters.JUnitXMLReporter -->
<testsuite hostname="RAVITEJA" name="Tesng logs sample" tests="3" failures="1" timestamp="13 Apr 2015 11:20:14 GMT" time="0.032" errors="0">
  <testcase name="methodAddingNumbers" time="0.011" classname="example.LoggingClass"/>
  <testcase name="dividedByZero" time="0.001" classname="example.LoggingClass">
    <failure type="java.lang.ArithmeticException" message="/ by zero">
      <![CDATA[java.lang.ArithmeticException: / by zero
	at example.LoggingClass.dividedByZero(LoggingClass.java:14)
... Removed 24 stack frames]]>
    </failure>
  </testcase> <!-- dividedByZero -->
  <testcase name="methodSkip" time="0.001" classname="example.LoggingClass">
    <skipped/>
  </testcase> <!-- methodSkip -->
</testsuite> <!-- Tesng logs sample -->
