<?xml version="1.0" encoding="UTF-8"?>
<!-- Generated by org.testng.reporters.JUnitXMLReporter -->
<testsuite hostname="RAVITEJA" name="Test group 1" tests="4" failures="0" timestamp="13 Apr 2015 07:53:25 GMT" time="0.029" errors="0">
  <testcase name="testExample" time="0.011" classname="example.ExecutePackage"/>
  <testcase name="getData" time="0.001" classname="example.DataProvideExample"/>
  <testcase name="getData" time="0.001" classname="example.DataProvideExample"/>
  <testcase name="getData" time="0.002" classname="example.DataProvideExample"/>
</testsuite> <!-- Test group 1 -->
