<?xml version="1.0" encoding="UTF-8"?>
<testng-results skipped="0" failed="0" total="1" passed="1">
  <reporter-output>
  </reporter-output>
  <suite name="Default suite" duration-ms="2196" started-at="2014-12-24T10:15:32Z" finished-at="2014-12-24T10:15:34Z">
    <groups>
    </groups>
    <test name="Default test" duration-ms="2196" started-at="2014-12-24T10:15:32Z" finished-at="2014-12-24T10:15:34Z">
      <class name="database.NewTest">
        <test-method status="PASS" signature="setUp()[pri:0, instance:database.NewTest@1b40d5f0]" name="setUp" is-config="true" duration-ms="9" started-at="2014-12-24T15:45:32Z" finished-at="2014-12-24T15:45:32Z">
          <reporter-output>
          </reporter-output>
        </test-method> <!-- setUp -->
        <test-method status="PASS" signature="CreateDB()[pri:0, instance:database.NewTest@1b40d5f0]" name="CreateDB" duration-ms="2171" started-at="2014-12-24T15:45:32Z" finished-at="2014-12-24T15:45:34Z">
          <reporter-output>
          </reporter-output>
        </test-method> <!-- CreateDB -->
      </class> <!-- database.NewTest -->
    </test> <!-- Default test -->
  </suite> <!-- Default suite -->
</testng-results>
