<?xml version="1.0" encoding="UTF-8"?>
<!-- Generated by org.testng.reporters.JUnitXMLReporter -->
<testsuite hostname="RAVITEJA" name="test 1" tests="4" failures="0" timestamp="13 Apr 2015 07:21:43 GMT" time="0.029" errors="0">
  <testcase name="getData" time="0.009" classname="example.DataProvideExample"/>
  <testcase name="getData" time="0.001" classname="example.DataProvideExample"/>
  <testcase name="getData" time="0.0" classname="example.DataProvideExample"/>
  <testcase name="testExample" time="0.001" classname="example.ExecutePackage"/>
</testsuite> <!-- test 1 -->
