<?xml version="1.0" encoding="UTF-8"?>
<testng-results skipped="0" failed="0" total="3" passed="3">
  <reporter-output>
  </reporter-output>
  <suite name="Default suite" duration-ms="19483" started-at="2015-04-21T07:43:21Z" finished-at="2015-04-21T07:43:41Z">
    <groups>
    </groups>
    <test name="Default test" duration-ms="19483" started-at="2015-04-21T07:43:21Z" finished-at="2015-04-21T07:43:41Z">
      <class name="example.ScrollTestExample">
        <test-method status="PASS" signature="setUp()[pri:0, instance:example.ScrollTestExample@3ab39c39]" name="setUp" is-config="true" duration-ms="10831" started-at="2015-04-21T13:13:21Z" finished-at="2015-04-21T13:13:32Z">
          <reporter-output>
          </reporter-output>
        </test-method> <!-- setUp -->
        <test-method status="PASS" signature="scrollingToBottomofAPage()[pri:0, instance:example.ScrollTestExample@3ab39c39]" name="scrollingToBottomofAPage" duration-ms="1719" started-at="2015-04-21T13:13:32Z" finished-at="2015-04-21T13:13:34Z">
          <reporter-output>
          </reporter-output>
        </test-method> <!-- scrollingToBottomofAPage -->
        <test-method status="PASS" signature="scrollingToElementofAPage()[pri:0, instance:example.ScrollTestExample@3ab39c39]" name="scrollingToElementofAPage" duration-ms="2219" started-at="2015-04-21T13:13:34Z" finished-at="2015-04-21T13:13:36Z">
          <reporter-output>
          </reporter-output>
        </test-method> <!-- scrollingToElementofAPage -->
        <test-method status="PASS" signature="scrollingByCoordinatesofAPage()[pri:0, instance:example.ScrollTestExample@3ab39c39]" name="scrollingByCoordinatesofAPage" duration-ms="4332" started-at="2015-04-21T13:13:36Z" finished-at="2015-04-21T13:13:40Z">
          <reporter-output>
          </reporter-output>
        </test-method> <!-- scrollingByCoordinatesofAPage -->
        <test-method status="PASS" signature="tearDown()[pri:0, instance:example.ScrollTestExample@3ab39c39]" name="tearDown" is-config="true" duration-ms="354" started-at="2015-04-21T13:13:40Z" finished-at="2015-04-21T13:13:41Z">
          <reporter-output>
          </reporter-output>
        </test-method> <!-- tearDown -->
      </class> <!-- example.ScrollTestExample -->
    </test> <!-- Default test -->
  </suite> <!-- Default suite -->
</testng-results>
