<?xml version="1.0" encoding="UTF-8"?>
<!-- Generated by org.testng.reporters.JUnitXMLReporter -->
<testsuite hostname="RAVITEJA" name="Default test" tests="5" failures="0" timestamp="11 Apr 2015 10:55:21 GMT" time="0.033" errors="0">
  <testcase name="count" time="0.012" classname="hello.NewTestThread"/>
  <testcase name="count" time="0.012" classname="hello.NewTestThread"/>
  <testcase name="count" time="0.012" classname="hello.NewTestThread"/>
  <testcase name="count" time="0.0" classname="hello.NewTestThread"/>
  <testcase name="count" time="0.002" classname="hello.NewTestThread"/>
</testsuite> <!-- Default test -->
