<?xml version="1.0" encoding="UTF-8"?>
<!-- Generated by org.testng.reporters.JUnitXMLReporter -->
<testsuite hostname="RAVITEJA" name="Group Test" tests="3" failures="0" timestamp="9 Apr 2015 05:39:30 GMT" time="0.026" errors="0">
  <testcase name="testMethodOne" time="0.01" classname="example.NewTestCaptcha"/>
  <testcase name="testMethodThree" time="0.0" classname="example.NewTestCaptcha"/>
  <testcase name="testMethodTwo" time="0.0" classname="example.NewTestCaptcha"/>
</testsuite> <!-- Group Test -->
