<?xml version="1.0" encoding="UTF-8"?>
<testng-results skipped="0" failed="0" total="1" passed="1">
  <reporter-output>
  </reporter-output>
  <suite name="Default suite" duration-ms="12679" started-at="2015-04-22T06:16:49Z" finished-at="2015-04-22T06:17:02Z">
    <groups>
    </groups>
    <test name="Default test" duration-ms="12679" started-at="2015-04-22T06:16:49Z" finished-at="2015-04-22T06:17:02Z">
      <class name="example.TestDownload">
        <test-method status="PASS" signature="testDownload()[pri:0, instance:example.TestDownload@3aa9e816]" name="testDownload" duration-ms="12665" started-at="2015-04-22T11:46:49Z" finished-at="2015-04-22T11:47:02Z">
          <reporter-output>
          </reporter-output>
        </test-method> <!-- testDownload -->
      </class> <!-- example.TestDownload -->
    </test> <!-- Default test -->
  </suite> <!-- Default suite -->
</testng-results>
