<?xml version="1.0" encoding="UTF-8"?>
<!-- Generated by org.testng.reporters.JUnitXMLReporter -->
<testsuite hostname="RAVITEJA" name="Regression" tests="4" failures="0" timestamp="13 Apr 2015 12:30:50 GMT" time="9.603" errors="0">
  <testcase name="methodOne" time="6.135" classname="example.ParallelExecution"/>
  <testcase name="f" time="3.442" classname="example.SkipTest"/>
  <testcase name="test" time="0.001" classname="example.SkipTest">
    <skipped/>
  </testcase> <!-- test -->
  <testcase name="testCaseSkipException" time="0.0" classname="example.SkipTest">
    <skipped/>
  </testcase> <!-- testCaseSkipException -->
</testsuite> <!-- Regression -->
