<?xml version="1.0" encoding="UTF-8"?>
<!-- Generated by org.testng.reporters.JUnitXMLReporter -->
<testsuite hostname="RAVITEJA" name="Default test" tests="19" failures="0" timestamp="17 Nov 2014 07:39:42 GMT" time="0.147" errors="0">
  <testcase name="runMultipleTimes" time="0.017" classname="snt.NewTest"/>
  <testcase name="runMultipleTimes" time="0.001" classname="snt.NewTest"/>
  <testcase name="runMultipleTimes" time="0.002" classname="snt.NewTest"/>
  <testcase name="runMultipleTimes" time="0.001" classname="snt.NewTest"/>
  <testcase name="runMultipleTimes" time="0.004" classname="snt.NewTest"/>
  <testcase name="runTest" time="0.001" classname="snt.NewTest"/>
  <testcase name="runTest" time="0.001" classname="snt.NewTest"/>
  <testcase name="runTest" time="0.0" classname="snt.NewTest"/>
  <testcase name="runTest" time="0.0" classname="snt.NewTest"/>
  <testcase name="runTest" time="0.001" classname="snt.NewTest"/>
  <testcase name="runTest" time="0.0" classname="snt.NewTest"/>
  <testcase name="runTest" time="0.001" classname="snt.NewTest"/>
  <testcase name="runTest" time="0.0" classname="snt.NewTest"/>
  <testcase name="runTest" time="0.001" classname="snt.NewTest"/>
  <testcase name="runTest" time="0.0" classname="snt.NewTest"/>
  <testcase name="runTest" time="0.0" classname="snt.NewTest"/>
  <testcase name="runTest" time="0.001" classname="snt.NewTest"/>
  <testcase name="testCase1" time="0.001" classname="snt.NewTest"/>
  <testcase name="testCase2" time="0.001" classname="snt.NewTest"/>
</testsuite> <!-- Default test -->
