<?xml version="1.0" encoding="UTF-8"?>
<!-- Generated by org.testng.reporters.JUnitXMLReporter -->
<testsuite hostname="RAVITEJA" name="Default test" tests="3" failures="0" timestamp="8 May 2015 10:00:03 GMT" time="51.368" errors="0">
  <testcase name="retrieveURL" time="24.803" classname="modules.TouristRegistration"/>
  <testcase name="addTourists" time="15.537" classname="modules.TouristRegistration"/>
  <testcase name="saveRAP" time="8.072" classname="modules.TouristRegistration"/>
</testsuite> <!-- Default test -->
