<?xml version="1.0" encoding="UTF-8"?>
<testng-results skipped="0" failed="0" total="2" passed="2">
  <reporter-output>
  </reporter-output>
  <suite name="Group of group Suite" duration-ms="24" started-at="2015-04-09T06:51:10Z" finished-at="2015-04-09T06:51:10Z">
    <groups>
      <group name="include-test-one">
        <method signature="MetaGroup.testMethodOne()[pri:0, instance:example.MetaGroup@27082746]" name="testMethodOne" class="example.MetaGroup"/>
      </group> <!-- include-test-one -->
      <group name="include-test-two">
        <method signature="MetaGroup.testMethodTwo()[pri:0, instance:example.MetaGroup@27082746]" name="testMethodTwo" class="example.MetaGroup"/>
      </group> <!-- include-test-two -->
    </groups>
    <test name="Group of group Test" duration-ms="24" started-at="2015-04-09T06:51:10Z" finished-at="2015-04-09T06:51:10Z">
      <class name="example.MetaGroup">
        <test-method status="PASS" signature="testMethodOne()[pri:0, instance:example.MetaGroup@27082746]" name="testMethodOne" duration-ms="10" started-at="2015-04-09T12:21:10Z" finished-at="2015-04-09T12:21:10Z">
          <reporter-output>
          </reporter-output>
        </test-method> <!-- testMethodOne -->
        <test-method status="PASS" signature="testMethodTwo()[pri:0, instance:example.MetaGroup@27082746]" name="testMethodTwo" duration-ms="1" started-at="2015-04-09T12:21:10Z" finished-at="2015-04-09T12:21:10Z">
          <reporter-output>
          </reporter-output>
        </test-method> <!-- testMethodTwo -->
      </class> <!-- example.MetaGroup -->
    </test> <!-- Group of group Test -->
  </suite> <!-- Group of group Suite -->
</testng-results>
