<?xml version="1.0" encoding="UTF-8"?>
<!-- Generated by org.testng.reporters.JUnitXMLReporter -->
<testsuite hostname="RAVITEJA" name="unit tests" tests="3" failures="0" timestamp="13 Apr 2015 11:37:02 GMT" time="0.025" errors="0">
  <testcase name="f" time="0.011" classname="example.SkipTest"/>
  <testcase name="test" time="0.001" classname="example.SkipTest">
    <skipped/>
  </testcase> <!-- test -->
  <testcase name="testCaseSkipException" time="0.001" classname="example.SkipTest">
    <skipped/>
  </testcase> <!-- testCaseSkipException -->
</testsuite> <!-- unit tests -->
