<?xml version="1.0" encoding="UTF-8"?>
<testng-results skipped="0" failed="0" total="1" passed="1">
  <reporter-output>
  </reporter-output>
  <suite name="Default suite" duration-ms="181" started-at="2014-12-22T13:17:01Z" finished-at="2014-12-22T13:17:01Z">
    <groups>
    </groups>
    <test name="Default test" duration-ms="181" started-at="2014-12-22T13:17:01Z" finished-at="2014-12-22T13:17:01Z">
      <class name="writetoexcel.writeExcel">
        <test-method status="PASS" signature="f()[pri:0, instance:writetoexcel.writeExcel@2aaf7cc2]" name="f" duration-ms="166" started-at="2014-12-22T18:47:01Z" finished-at="2014-12-22T18:47:01Z">
          <reporter-output>
          </reporter-output>
        </test-method> <!-- f -->
      </class> <!-- writetoexcel.writeExcel -->
    </test> <!-- Default test -->
  </suite> <!-- Default suite -->
</testng-results>
