<?xml version="1.0" encoding="UTF-8"?>
<testng-results skipped="0" failed="0" total="19" passed="19">
  <reporter-output>
  </reporter-output>
  <suite name="Default suite" duration-ms="147" started-at="2014-11-17T07:39:41Z" finished-at="2014-11-17T07:39:41Z">
    <groups>
    </groups>
    <test name="Default test" duration-ms="147" started-at="2014-11-17T07:39:41Z" finished-at="2014-11-17T07:39:41Z">
      <class name="snt.NewTest">
        <test-method status="PASS" signature="beforeSuite()[pri:0, instance:snt.NewTest@ba4d54]" name="beforeSuite" is-config="true" duration-ms="8" started-at="2014-11-17T13:09:41Z" finished-at="2014-11-17T13:09:41Z">
          <reporter-output>
          </reporter-output>
        </test-method> <!-- beforeSuite -->
        <test-method status="PASS" signature="beforeTest()[pri:0, instance:snt.NewTest@ba4d54]" name="beforeTest" is-config="true" duration-ms="0" started-at="2014-11-17T13:09:41Z" finished-at="2014-11-17T13:09:41Z">
          <reporter-output>
          </reporter-output>
        </test-method> <!-- beforeTest -->
        <test-method status="PASS" signature="beforeClass()[pri:0, instance:snt.NewTest@ba4d54]" name="beforeClass" is-config="true" duration-ms="0" started-at="2014-11-17T13:09:41Z" finished-at="2014-11-17T13:09:41Z">
          <reporter-output>
          </reporter-output>
        </test-method> <!-- beforeClass -->
        <test-method status="PASS" signature="beforeMethod()[pri:0, instance:snt.NewTest@ba4d54]" name="beforeMethod" is-config="true" duration-ms="1" started-at="2014-11-17T13:09:41Z" finished-at="2014-11-17T13:09:41Z">
          <reporter-output>
          </reporter-output>
        </test-method> <!-- beforeMethod -->
        <test-method status="PASS" signature="runMultipleTimes()[pri:0, instance:snt.NewTest@ba4d54]" name="runMultipleTimes" duration-ms="17" started-at="2014-11-17T13:09:41Z" finished-at="2014-11-17T13:09:41Z">
          <reporter-output>
          </reporter-output>
        </test-method> <!-- runMultipleTimes -->
        <test-method status="PASS" signature="beforeMethod()[pri:0, instance:snt.NewTest@ba4d54]" name="beforeMethod" is-config="true" duration-ms="0" started-at="2014-11-17T13:09:41Z" finished-at="2014-11-17T13:09:41Z">
          <reporter-output>
          </reporter-output>
        </test-method> <!-- beforeMethod -->
        <test-method status="PASS" signature="runMultipleTimes()[pri:0, instance:snt.NewTest@ba4d54]" name="runMultipleTimes" duration-ms="1" started-at="2014-11-17T13:09:41Z" finished-at="2014-11-17T13:09:41Z">
          <reporter-output>
          </reporter-output>
        </test-method> <!-- runMultipleTimes -->
        <test-method status="PASS" signature="afterMethod()[pri:0, instance:snt.NewTest@ba4d54]" name="afterMethod" is-config="true" duration-ms="0" started-at="2014-11-17T13:09:41Z" finished-at="2014-11-17T13:09:41Z">
          <reporter-output>
          </reporter-output>
        </test-method> <!-- afterMethod -->
        <test-method status="PASS" signature="afterMethod()[pri:0, instance:snt.NewTest@ba4d54]" name="afterMethod" is-config="true" duration-ms="0" started-at="2014-11-17T13:09:41Z" finished-at="2014-11-17T13:09:41Z">
          <reporter-output>
          </reporter-output>
        </test-method> <!-- afterMethod -->
        <test-method status="PASS" signature="beforeMethod()[pri:0, instance:snt.NewTest@ba4d54]" name="beforeMethod" is-config="true" duration-ms="1" started-at="2014-11-17T13:09:41Z" finished-at="2014-11-17T13:09:41Z">
          <reporter-output>
          </reporter-output>
        </test-method> <!-- beforeMethod -->
        <test-method status="PASS" signature="runMultipleTimes()[pri:0, instance:snt.NewTest@ba4d54]" name="runMultipleTimes" duration-ms="2" started-at="2014-11-17T13:09:41Z" finished-at="2014-11-17T13:09:41Z">
          <reporter-output>
          </reporter-output>
        </test-method> <!-- runMultipleTimes -->
        <test-method status="PASS" signature="beforeMethod()[pri:0, instance:snt.NewTest@ba4d54]" name="beforeMethod" is-config="true" duration-ms="0" started-at="2014-11-17T13:09:41Z" finished-at="2014-11-17T13:09:41Z">
          <reporter-output>
          </reporter-output>
        </test-method> <!-- beforeMethod -->
        <test-method status="PASS" signature="runMultipleTimes()[pri:0, instance:snt.NewTest@ba4d54]" name="runMultipleTimes" duration-ms="1" started-at="2014-11-17T13:09:41Z" finished-at="2014-11-17T13:09:41Z">
          <reporter-output>
          </reporter-output>
        </test-method> <!-- runMultipleTimes -->
        <test-method status="PASS" signature="afterMethod()[pri:0, instance:snt.NewTest@ba4d54]" name="afterMethod" is-config="true" duration-ms="0" started-at="2014-11-17T13:09:41Z" finished-at="2014-11-17T13:09:41Z">
          <reporter-output>
          </reporter-output>
        </test-method> <!-- afterMethod -->
        <test-method status="PASS" signature="afterMethod()[pri:0, instance:snt.NewTest@ba4d54]" name="afterMethod" is-config="true" duration-ms="0" started-at="2014-11-17T13:09:41Z" finished-at="2014-11-17T13:09:41Z">
          <reporter-output>
          </reporter-output>
        </test-method> <!-- afterMethod -->
        <test-method status="PASS" signature="runMultipleTimes()[pri:0, instance:snt.NewTest@ba4d54]" name="runMultipleTimes" duration-ms="4" started-at="2014-11-17T13:09:41Z" finished-at="2014-11-17T13:09:41Z">
          <reporter-output>
          </reporter-output>
        </test-method> <!-- runMultipleTimes -->
        <test-method status="PASS" signature="beforeMethod()[pri:0, instance:snt.NewTest@ba4d54]" name="beforeMethod" is-config="true" duration-ms="0" started-at="2014-11-17T13:09:41Z" finished-at="2014-11-17T13:09:41Z">
          <reporter-output>
          </reporter-output>
        </test-method> <!-- beforeMethod -->
        <test-method status="PASS" signature="afterMethod()[pri:0, instance:snt.NewTest@ba4d54]" name="afterMethod" is-config="true" duration-ms="1" started-at="2014-11-17T13:09:41Z" finished-at="2014-11-17T13:09:41Z">
          <reporter-output>
          </reporter-output>
        </test-method> <!-- afterMethod -->
        <test-method status="PASS" signature="beforeMethod()[pri:0, instance:snt.NewTest@ba4d54]" name="beforeMethod" is-config="true" duration-ms="1" started-at="2014-11-17T13:09:41Z" finished-at="2014-11-17T13:09:41Z">
          <reporter-output>
          </reporter-output>
        </test-method> <!-- beforeMethod -->
        <test-method status="PASS" signature="runTest()[pri:0, instance:snt.NewTest@ba4d54]" name="runTest" duration-ms="1" started-at="2014-11-17T13:09:41Z" finished-at="2014-11-17T13:09:41Z">
          <reporter-output>
          </reporter-output>
        </test-method> <!-- runTest -->
        <test-method status="PASS" signature="runTest()[pri:0, instance:snt.NewTest@ba4d54]" name="runTest" duration-ms="1" started-at="2014-11-17T13:09:41Z" finished-at="2014-11-17T13:09:41Z">
          <reporter-output>
          </reporter-output>
        </test-method> <!-- runTest -->
        <test-method status="PASS" signature="beforeMethod()[pri:0, instance:snt.NewTest@ba4d54]" name="beforeMethod" is-config="true" duration-ms="0" started-at="2014-11-17T13:09:41Z" finished-at="2014-11-17T13:09:41Z">
          <reporter-output>
          </reporter-output>
        </test-method> <!-- beforeMethod -->
        <test-method status="PASS" signature="afterMethod()[pri:0, instance:snt.NewTest@ba4d54]" name="afterMethod" is-config="true" duration-ms="0" started-at="2014-11-17T13:09:41Z" finished-at="2014-11-17T13:09:41Z">
          <reporter-output>
          </reporter-output>
        </test-method> <!-- afterMethod -->
        <test-method status="PASS" signature="afterMethod()[pri:0, instance:snt.NewTest@ba4d54]" name="afterMethod" is-config="true" duration-ms="0" started-at="2014-11-17T13:09:41Z" finished-at="2014-11-17T13:09:41Z">
          <reporter-output>
          </reporter-output>
        </test-method> <!-- afterMethod -->
        <test-method status="PASS" signature="runTest()[pri:0, instance:snt.NewTest@ba4d54]" name="runTest" duration-ms="0" started-at="2014-11-17T13:09:41Z" finished-at="2014-11-17T13:09:41Z">
          <reporter-output>
          </reporter-output>
        </test-method> <!-- runTest -->
        <test-method status="PASS" signature="beforeMethod()[pri:0, instance:snt.NewTest@ba4d54]" name="beforeMethod" is-config="true" duration-ms="0" started-at="2014-11-17T13:09:41Z" finished-at="2014-11-17T13:09:41Z">
          <reporter-output>
          </reporter-output>
        </test-method> <!-- beforeMethod -->
        <test-method status="PASS" signature="beforeMethod()[pri:0, instance:snt.NewTest@ba4d54]" name="beforeMethod" is-config="true" duration-ms="0" started-at="2014-11-17T13:09:41Z" finished-at="2014-11-17T13:09:41Z">
          <reporter-output>
          </reporter-output>
        </test-method> <!-- beforeMethod -->
        <test-method status="PASS" signature="runTest()[pri:0, instance:snt.NewTest@ba4d54]" name="runTest" duration-ms="0" started-at="2014-11-17T13:09:41Z" finished-at="2014-11-17T13:09:41Z">
          <reporter-output>
          </reporter-output>
        </test-method> <!-- runTest -->
        <test-method status="PASS" signature="runTest()[pri:0, instance:snt.NewTest@ba4d54]" name="runTest" duration-ms="1" started-at="2014-11-17T13:09:41Z" finished-at="2014-11-17T13:09:41Z">
          <reporter-output>
          </reporter-output>
        </test-method> <!-- runTest -->
        <test-method status="PASS" signature="beforeMethod()[pri:0, instance:snt.NewTest@ba4d54]" name="beforeMethod" is-config="true" duration-ms="1" started-at="2014-11-17T13:09:41Z" finished-at="2014-11-17T13:09:41Z">
          <reporter-output>
          </reporter-output>
        </test-method> <!-- beforeMethod -->
        <test-method status="PASS" signature="beforeMethod()[pri:0, instance:snt.NewTest@ba4d54]" name="beforeMethod" is-config="true" duration-ms="0" started-at="2014-11-17T13:09:41Z" finished-at="2014-11-17T13:09:41Z">
          <reporter-output>
          </reporter-output>
        </test-method> <!-- beforeMethod -->
        <test-method status="PASS" signature="afterMethod()[pri:0, instance:snt.NewTest@ba4d54]" name="afterMethod" is-config="true" duration-ms="1" started-at="2014-11-17T13:09:41Z" finished-at="2014-11-17T13:09:41Z">
          <reporter-output>
          </reporter-output>
        </test-method> <!-- afterMethod -->
        <test-method status="PASS" signature="afterMethod()[pri:0, instance:snt.NewTest@ba4d54]" name="afterMethod" is-config="true" duration-ms="0" started-at="2014-11-17T13:09:41Z" finished-at="2014-11-17T13:09:41Z">
          <reporter-output>
          </reporter-output>
        </test-method> <!-- afterMethod -->
        <test-method status="PASS" signature="beforeMethod()[pri:0, instance:snt.NewTest@ba4d54]" name="beforeMethod" is-config="true" duration-ms="0" started-at="2014-11-17T13:09:41Z" finished-at="2014-11-17T13:09:41Z">
          <reporter-output>
          </reporter-output>
        </test-method> <!-- beforeMethod -->
        <test-method status="PASS" signature="afterMethod()[pri:0, instance:snt.NewTest@ba4d54]" name="afterMethod" is-config="true" duration-ms="0" started-at="2014-11-17T13:09:41Z" finished-at="2014-11-17T13:09:41Z">
          <reporter-output>
          </reporter-output>
        </test-method> <!-- afterMethod -->
        <test-method status="PASS" signature="runTest()[pri:0, instance:snt.NewTest@ba4d54]" name="runTest" duration-ms="1" started-at="2014-11-17T13:09:41Z" finished-at="2014-11-17T13:09:41Z">
          <reporter-output>
          </reporter-output>
        </test-method> <!-- runTest -->
        <test-method status="PASS" signature="runTest()[pri:0, instance:snt.NewTest@ba4d54]" name="runTest" duration-ms="0" started-at="2014-11-17T13:09:41Z" finished-at="2014-11-17T13:09:41Z">
          <reporter-output>
          </reporter-output>
        </test-method> <!-- runTest -->
        <test-method status="PASS" signature="beforeMethod()[pri:0, instance:snt.NewTest@ba4d54]" name="beforeMethod" is-config="true" duration-ms="0" started-at="2014-11-17T13:09:41Z" finished-at="2014-11-17T13:09:41Z">
          <reporter-output>
          </reporter-output>
        </test-method> <!-- beforeMethod -->
        <test-method status="PASS" signature="runTest()[pri:0, instance:snt.NewTest@ba4d54]" name="runTest" duration-ms="0" started-at="2014-11-17T13:09:41Z" finished-at="2014-11-17T13:09:41Z">
          <reporter-output>
          </reporter-output>
        </test-method> <!-- runTest -->
        <test-method status="PASS" signature="afterMethod()[pri:0, instance:snt.NewTest@ba4d54]" name="afterMethod" is-config="true" duration-ms="0" started-at="2014-11-17T13:09:41Z" finished-at="2014-11-17T13:09:41Z">
          <reporter-output>
          </reporter-output>
        </test-method> <!-- afterMethod -->
        <test-method status="PASS" signature="beforeMethod()[pri:0, instance:snt.NewTest@ba4d54]" name="beforeMethod" is-config="true" duration-ms="0" started-at="2014-11-17T13:09:41Z" finished-at="2014-11-17T13:09:41Z">
          <reporter-output>
          </reporter-output>
        </test-method> <!-- beforeMethod -->
        <test-method status="PASS" signature="runTest()[pri:0, instance:snt.NewTest@ba4d54]" name="runTest" duration-ms="1" started-at="2014-11-17T13:09:41Z" finished-at="2014-11-17T13:09:41Z">
          <reporter-output>
          </reporter-output>
        </test-method> <!-- runTest -->
        <test-method status="PASS" signature="beforeMethod()[pri:0, instance:snt.NewTest@ba4d54]" name="beforeMethod" is-config="true" duration-ms="0" started-at="2014-11-17T13:09:41Z" finished-at="2014-11-17T13:09:41Z">
          <reporter-output>
          </reporter-output>
        </test-method> <!-- beforeMethod -->
        <test-method status="PASS" signature="runTest()[pri:0, instance:snt.NewTest@ba4d54]" name="runTest" duration-ms="0" started-at="2014-11-17T13:09:41Z" finished-at="2014-11-17T13:09:41Z">
          <reporter-output>
          </reporter-output>
        </test-method> <!-- runTest -->
        <test-method status="PASS" signature="beforeMethod()[pri:0, instance:snt.NewTest@ba4d54]" name="beforeMethod" is-config="true" duration-ms="1" started-at="2014-11-17T13:09:41Z" finished-at="2014-11-17T13:09:41Z">
          <reporter-output>
          </reporter-output>
        </test-method> <!-- beforeMethod -->
        <test-method status="PASS" signature="afterMethod()[pri:0, instance:snt.NewTest@ba4d54]" name="afterMethod" is-config="true" duration-ms="1" started-at="2014-11-17T13:09:41Z" finished-at="2014-11-17T13:09:41Z">
          <reporter-output>
          </reporter-output>
        </test-method> <!-- afterMethod -->
        <test-method status="PASS" signature="afterMethod()[pri:0, instance:snt.NewTest@ba4d54]" name="afterMethod" is-config="true" duration-ms="0" started-at="2014-11-17T13:09:41Z" finished-at="2014-11-17T13:09:41Z">
          <reporter-output>
          </reporter-output>
        </test-method> <!-- afterMethod -->
        <test-method status="PASS" signature="runTest()[pri:0, instance:snt.NewTest@ba4d54]" name="runTest" duration-ms="0" started-at="2014-11-17T13:09:41Z" finished-at="2014-11-17T13:09:41Z">
          <reporter-output>
          </reporter-output>
        </test-method> <!-- runTest -->
        <test-method status="PASS" signature="afterMethod()[pri:0, instance:snt.NewTest@ba4d54]" name="afterMethod" is-config="true" duration-ms="0" started-at="2014-11-17T13:09:41Z" finished-at="2014-11-17T13:09:41Z">
          <reporter-output>
          </reporter-output>
        </test-method> <!-- afterMethod -->
        <test-method status="PASS" signature="beforeMethod()[pri:0, instance:snt.NewTest@ba4d54]" name="beforeMethod" is-config="true" duration-ms="0" started-at="2014-11-17T13:09:41Z" finished-at="2014-11-17T13:09:41Z">
          <reporter-output>
          </reporter-output>
        </test-method> <!-- beforeMethod -->
        <test-method status="PASS" signature="afterMethod()[pri:0, instance:snt.NewTest@ba4d54]" name="afterMethod" is-config="true" duration-ms="1" started-at="2014-11-17T13:09:41Z" finished-at="2014-11-17T13:09:41Z">
          <reporter-output>
          </reporter-output>
        </test-method> <!-- afterMethod -->
        <test-method status="PASS" signature="runTest()[pri:0, instance:snt.NewTest@ba4d54]" name="runTest" duration-ms="1" started-at="2014-11-17T13:09:41Z" finished-at="2014-11-17T13:09:41Z">
          <reporter-output>
          </reporter-output>
        </test-method> <!-- runTest -->
        <test-method status="PASS" signature="afterMethod()[pri:0, instance:snt.NewTest@ba4d54]" name="afterMethod" is-config="true" duration-ms="0" started-at="2014-11-17T13:09:41Z" finished-at="2014-11-17T13:09:41Z">
          <reporter-output>
          </reporter-output>
        </test-method> <!-- afterMethod -->
        <test-method status="PASS" signature="afterMethod()[pri:0, instance:snt.NewTest@ba4d54]" name="afterMethod" is-config="true" duration-ms="0" started-at="2014-11-17T13:09:41Z" finished-at="2014-11-17T13:09:41Z">
          <reporter-output>
          </reporter-output>
        </test-method> <!-- afterMethod -->
        <test-method status="PASS" signature="testCase1()[pri:0, instance:snt.NewTest@ba4d54]" name="testCase1" duration-ms="1" started-at="2014-11-17T13:09:41Z" finished-at="2014-11-17T13:09:41Z">
          <reporter-output>
          </reporter-output>
        </test-method> <!-- testCase1 -->
        <test-method status="PASS" signature="beforeMethod()[pri:0, instance:snt.NewTest@ba4d54]" name="beforeMethod" is-config="true" duration-ms="0" started-at="2014-11-17T13:09:41Z" finished-at="2014-11-17T13:09:41Z">
          <reporter-output>
          </reporter-output>
        </test-method> <!-- beforeMethod -->
        <test-method status="PASS" signature="testCase2()[pri:0, instance:snt.NewTest@ba4d54]" name="testCase2" duration-ms="1" started-at="2014-11-17T13:09:41Z" finished-at="2014-11-17T13:09:41Z">
          <reporter-output>
          </reporter-output>
        </test-method> <!-- testCase2 -->
        <test-method status="PASS" signature="beforeMethod()[pri:0, instance:snt.NewTest@ba4d54]" name="beforeMethod" is-config="true" duration-ms="0" started-at="2014-11-17T13:09:41Z" finished-at="2014-11-17T13:09:41Z">
          <reporter-output>
          </reporter-output>
        </test-method> <!-- beforeMethod -->
        <test-method status="PASS" signature="afterMethod()[pri:0, instance:snt.NewTest@ba4d54]" name="afterMethod" is-config="true" duration-ms="0" started-at="2014-11-17T13:09:41Z" finished-at="2014-11-17T13:09:41Z">
          <reporter-output>
          </reporter-output>
        </test-method> <!-- afterMethod -->
        <test-method status="PASS" signature="afterMethod()[pri:0, instance:snt.NewTest@ba4d54]" name="afterMethod" is-config="true" duration-ms="0" started-at="2014-11-17T13:09:41Z" finished-at="2014-11-17T13:09:41Z">
          <reporter-output>
          </reporter-output>
        </test-method> <!-- afterMethod -->
        <test-method status="PASS" signature="afterClass()[pri:0, instance:snt.NewTest@ba4d54]" name="afterClass" is-config="true" duration-ms="0" started-at="2014-11-17T13:09:41Z" finished-at="2014-11-17T13:09:41Z">
          <reporter-output>
          </reporter-output>
        </test-method> <!-- afterClass -->
        <test-method status="PASS" signature="afterTest()[pri:0, instance:snt.NewTest@ba4d54]" name="afterTest" is-config="true" duration-ms="0" started-at="2014-11-17T13:09:41Z" finished-at="2014-11-17T13:09:41Z">
          <reporter-output>
          </reporter-output>
        </test-method> <!-- afterTest -->
        <test-method status="PASS" signature="afterSuite()[pri:0, instance:snt.NewTest@ba4d54]" name="afterSuite" is-config="true" duration-ms="1" started-at="2014-11-17T13:09:42Z" finished-at="2014-11-17T13:09:42Z">
          <reporter-output>
          </reporter-output>
        </test-method> <!-- afterSuite -->
      </class> <!-- snt.NewTest -->
    </test> <!-- Default test -->
  </suite> <!-- Default suite -->
</testng-results>
