<?xml version="1.0" encoding="UTF-8"?>
<testng-results skipped="0" failed="0" total="1" passed="1">
  <reporter-output>
  </reporter-output>
  <suite name="Default suite" duration-ms="53779" started-at="2014-05-28T11:43:23Z" finished-at="2014-05-28T11:44:17Z">
    <groups>
    </groups>
    <test name="Default test" duration-ms="53779" started-at="2014-05-28T11:43:23Z" finished-at="2014-05-28T11:44:17Z">
      <class name="Test.NewTest">
        <test-method status="PASS" signature="setUp()[pri:0, instance:Test.NewTest@1e8a5cf3]" name="setUp" is-config="true" duration-ms="23272" started-at="2014-05-28T17:13:23Z" finished-at="2014-05-28T17:13:46Z">
          <reporter-output>
          </reporter-output>
        </test-method> <!-- setUp -->
        <test-method status="PASS" signature="CreateDB()[pri:0, instance:Test.NewTest@1e8a5cf3]" name="CreateDB" duration-ms="30490" started-at="2014-05-28T17:13:46Z" finished-at="2014-05-28T17:14:17Z">
          <reporter-output>
          </reporter-output>
        </test-method> <!-- CreateDB -->
      </class> <!-- Test.NewTest -->
    </test> <!-- Default test -->
  </suite> <!-- Default suite -->
</testng-results>
