<?xml version="1.0" encoding="UTF-8"?>
<!-- Generated by org.testng.reporters.JUnitXMLReporter -->
<testsuite hostname="RAVITEJA" name="Test2" tests="5" failures="0" timestamp="7 Apr 2015 10:55:55 GMT" time="76.851" errors="0">
  <testcase name="loginPage" time="21.827" classname="modules.AllReports"/>
  <testcase name="rapIssuance" time="23.56" classname="modules.AllReports"/>
  <testcase name="dailyVisiting" time="7.311" classname="modules.AllReports"/>
  <testcase name="monthlyReport" time="5.164" classname="modules.AllReports"/>
  <testcase name="yearlyReport" time="6.156" classname="modules.AllReports"/>
</testsuite> <!-- Test2 -->
