<?xml version="1.0" encoding="UTF-8"?>
<testng-results skipped="0" failed="0" total="13" passed="13">
  <reporter-output>
  </reporter-output>
  <suite name="Default suite" duration-ms="48" started-at="2014-12-06T12:03:52Z" finished-at="2014-12-06T12:03:52Z">
    <groups>
    </groups>
    <test name="Default test" duration-ms="48" started-at="2014-12-06T12:03:52Z" finished-at="2014-12-06T12:03:52Z">
      <class name="test.NewTest">
        <test-method status="PASS" signature="testPrintMessage()[pri:0, instance:test.NewTest@7006c658]" name="testPrintMessage" duration-ms="3" started-at="2014-12-06T17:33:52Z" finished-at="2014-12-06T17:33:52Z">
          <reporter-output>
          </reporter-output>
        </test-method> <!-- testPrintMessage -->
      </class> <!-- test.NewTest -->
      <class name="test.NewTest$PerformanceTesting">
        <test-method status="PASS" signature="runTest()[pri:0, instance:test.NewTest$PerformanceTesting@6833ce2c]" name="runTest" duration-ms="16" started-at="2014-12-06T17:33:52Z" finished-at="2014-12-06T17:33:52Z">
          <reporter-output>
          </reporter-output>
        </test-method> <!-- runTest -->
        <test-method status="PASS" signature="runTest()[pri:0, instance:test.NewTest$PerformanceTesting@6833ce2c]" name="runTest" duration-ms="13" started-at="2014-12-06T17:33:52Z" finished-at="2014-12-06T17:33:52Z">
          <reporter-output>
          </reporter-output>
        </test-method> <!-- runTest -->
        <test-method status="PASS" signature="runTest()[pri:0, instance:test.NewTest$PerformanceTesting@6833ce2c]" name="runTest" duration-ms="14" started-at="2014-12-06T17:33:52Z" finished-at="2014-12-06T17:33:52Z">
          <reporter-output>
          </reporter-output>
        </test-method> <!-- runTest -->
        <test-method status="PASS" signature="runTest()[pri:0, instance:test.NewTest$PerformanceTesting@6833ce2c]" name="runTest" duration-ms="14" started-at="2014-12-06T17:33:52Z" finished-at="2014-12-06T17:33:52Z">
          <reporter-output>
          </reporter-output>
        </test-method> <!-- runTest -->
        <test-method status="PASS" signature="runTest()[pri:0, instance:test.NewTest$PerformanceTesting@6833ce2c]" name="runTest" duration-ms="1" started-at="2014-12-06T17:33:52Z" finished-at="2014-12-06T17:33:52Z">
          <reporter-output>
          </reporter-output>
        </test-method> <!-- runTest -->
        <test-method status="PASS" signature="runTest()[pri:0, instance:test.NewTest$PerformanceTesting@6833ce2c]" name="runTest" duration-ms="4" started-at="2014-12-06T17:33:52Z" finished-at="2014-12-06T17:33:52Z">
          <reporter-output>
          </reporter-output>
        </test-method> <!-- runTest -->
        <test-method status="PASS" signature="runTest()[pri:0, instance:test.NewTest$PerformanceTesting@6833ce2c]" name="runTest" duration-ms="1" started-at="2014-12-06T17:33:52Z" finished-at="2014-12-06T17:33:52Z">
          <reporter-output>
          </reporter-output>
        </test-method> <!-- runTest -->
        <test-method status="PASS" signature="runTest()[pri:0, instance:test.NewTest$PerformanceTesting@6833ce2c]" name="runTest" duration-ms="2" started-at="2014-12-06T17:33:52Z" finished-at="2014-12-06T17:33:52Z">
          <reporter-output>
          </reporter-output>
        </test-method> <!-- runTest -->
        <test-method status="PASS" signature="runTest()[pri:0, instance:test.NewTest$PerformanceTesting@6833ce2c]" name="runTest" duration-ms="2" started-at="2014-12-06T17:33:52Z" finished-at="2014-12-06T17:33:52Z">
          <reporter-output>
          </reporter-output>
        </test-method> <!-- runTest -->
        <test-method status="PASS" signature="runTest()[pri:0, instance:test.NewTest$PerformanceTesting@6833ce2c]" name="runTest" duration-ms="3" started-at="2014-12-06T17:33:52Z" finished-at="2014-12-06T17:33:52Z">
          <reporter-output>
          </reporter-output>
        </test-method> <!-- runTest -->
        <test-method status="PASS" signature="runTest()[pri:0, instance:test.NewTest$PerformanceTesting@6833ce2c]" name="runTest" duration-ms="1" started-at="2014-12-06T17:33:52Z" finished-at="2014-12-06T17:33:52Z">
          <reporter-output>
          </reporter-output>
        </test-method> <!-- runTest -->
        <test-method status="PASS" signature="runTest()[pri:0, instance:test.NewTest$PerformanceTesting@6833ce2c]" name="runTest" duration-ms="1" started-at="2014-12-06T17:33:52Z" finished-at="2014-12-06T17:33:52Z">
          <reporter-output>
          </reporter-output>
        </test-method> <!-- runTest -->
      </class> <!-- test.NewTest$PerformanceTesting -->
    </test> <!-- Default test -->
  </suite> <!-- Default suite -->
</testng-results>
