<?xml version="1.0" encoding="UTF-8"?>
<testng-results skipped="0" failed="0" total="1" passed="1">
  <reporter-output>
  </reporter-output>
  <suite name="Default suite" duration-ms="54264" started-at="2015-01-07T07:46:40Z" finished-at="2015-01-07T07:47:35Z">
    <groups>
    </groups>
    <test name="Default test" duration-ms="54264" started-at="2015-01-07T07:46:40Z" finished-at="2015-01-07T07:47:35Z">
      <class name="retrieve.retrieveData">
        <test-method status="PASS" signature="setUp()[pri:0, instance:retrieve.retrieveData@d7b1517]" name="setUp" is-config="true" duration-ms="40191" started-at="2015-01-07T13:16:40Z" finished-at="2015-01-07T13:17:21Z">
          <reporter-output>
          </reporter-output>
        </test-method> <!-- setUp -->
        <test-method status="PASS" signature="searchGoogle()[pri:0, instance:retrieve.retrieveData@d7b1517]" name="searchGoogle" duration-ms="14025" started-at="2015-01-07T13:17:21Z" finished-at="2015-01-07T13:17:35Z">
          <reporter-output>
          </reporter-output>
        </test-method> <!-- searchGoogle -->
      </class> <!-- retrieve.retrieveData -->
    </test> <!-- Default test -->
  </suite> <!-- Default suite -->
</testng-results>
